<?xml version="1.0" encoding="UTF-8"?>
<!-- Generated by org.testng.reporters.JUnitReportReporter -->
<testsuite skipped="0" hostname="TEMS-CTXHSD1" name="Demo.iframe_demo" tests="1" failures="0" timestamp="2021-05-20T22:43:01 IST" time="18.256" errors="0">
  <testcase name="testFrames" time="18.256" classname="Demo.iframe_demo"/>
  <system-out/>
</testsuite> <!-- Demo.iframe_demo -->
