<?xml version="1.0" encoding="UTF-8"?>
<!-- Generated by org.testng.reporters.JUnitReportReporter -->
<testsuite skipped="0" hostname="TEMS-CTXHSD1" name="Demo.iframe_demo2" tests="1" failures="0" timestamp="2021-05-20T22:50:53 IST" time="23.912" errors="0">
  <testcase name="testFrames" time="23.912" classname="Demo.iframe_demo2"/>
  <system-out/>
</testsuite> <!-- Demo.iframe_demo2 -->
