<?xml version="1.0" encoding="UTF-8"?>
<!-- Generated by org.testng.reporters.JUnitReportReporter -->
<testsuite skipped="0" hostname="TEMS-CTXHSD1" name="Demo.DemoAlert" tests="1" failures="0" timestamp="2021-05-20T14:55:49 IST" time="13.862" errors="0">
  <testcase name="handleAlert" time="13.862" classname="Demo.DemoAlert"/>
  <system-out/>
</testsuite> <!-- Demo.DemoAlert -->
